<?xml version="1.0" encoding="UTF-8"?>
<testsuite name="ScrabbleTest" tests="2" skipped="0" failures="0" errors="0" timestamp="2016-02-09T18:07:28" hostname="epicodus-60.local" time="0.001">
  <properties/>
  <testcase name="scrabbleScore_returnsAScrabbleScoreForALetter_10" classname="ScrabbleTest" time="0.001"/>
  <testcase name="scrabbleScore_returnsAScrabbleScoreForALetter_1" classname="ScrabbleTest" time="0.0"/>
  <system-out><![CDATA[]]></system-out>
  <system-err><![CDATA[]]></system-err>
</testsuite>
