<?xml version="1.0" encoding="UTF-8"?>
<testsuite name="ScrabbleTest" tests="4" skipped="0" failures="0" errors="0" timestamp="2016-02-09T19:06:46" hostname="epicodus-60.local" time="0.003">
  <properties/>
  <testcase name="scrabbleLetterScore_returnsAScrabbleScoreForALetter_1" classname="ScrabbleTest" time="0.002"/>
  <testcase name="scrabbleLetterScore_returnsAScrabbleScoreForALetter_10" classname="ScrabbleTest" time="0.0"/>
  <testcase name="scrabbleScore_returnsAScrabbleScoreForAWord_23" classname="ScrabbleTest" time="0.001"/>
  <testcase name="scrabbleScore_returnsAScrabbleScoreForAWord_8" classname="ScrabbleTest" time="0.0"/>
  <system-out><![CDATA[]]></system-out>
  <system-err><![CDATA[]]></system-err>
</testsuite>
